Traceback (most recent call last):
  File "/workspaces/Logos_System/_Dev_Resources/Dev_Scripts/repo_tools/audit_normalize_automation/runner.py", line 67, in main
    from audit_normalize_automation.phase_5.phase_5_runner import run_phase5_step2  # type: ignore
    ^^^^^^^^^^^^^^^^^^^^^^^^^^^^^^^^^^^^^^^^^^^^^^^^^^^^^^^^^^^^^^^^^^^^^^^^^^^^^^
ModuleNotFoundError: No module named 'audit_normalize_automation'

During handling of the above exception, another exception occurred:

Traceback (most recent call last):
  File "/workspaces/Logos_System/_Dev_Resources/Dev_Scripts/repo_tools/audit_normalize_automation/runner.py", line 70, in main
    from .phase_5.phase_5_runner import run_phase5_step2  # type: ignore
    ^^^^^^^^^^^^^^^^^^^^^^^^^^^^^^^^^^^^^^^^^^^^^^^^^^^^
ImportError: attempted relative import with no known parent package

During handling of the above exception, another exception occurred:

Traceback (most recent call last):
  File "/workspaces/Logos_System/_Dev_Resources/Dev_Scripts/repo_tools/audit_normalize_automation/runner.py", line 318, in <module>
    main()
  File "/workspaces/Logos_System/_Dev_Resources/Dev_Scripts/repo_tools/audit_normalize_automation/runner.py", line 79, in main
    spec.loader.exec_module(mod)  # type: ignore
    ^^^^^^^^^^^^^^^^^^^^^^^^^^^^
  File "<frozen importlib._bootstrap_external>", line 990, in exec_module
  File "<frozen importlib._bootstrap_external>", line 1127, in get_code
  File "<frozen importlib._bootstrap_external>", line 1185, in get_data
FileNotFoundError: [Errno 2] No such file or directory: '/workspaces/Logos_System/_Dev_Resources/Dev_Scripts/repo_tools/audit_normalize_automation/phase_5/phase_5_runner.py'
